> Task :app:checkKotlinGradlePluginConfigurationErrors
> Task :app:preBuild UP-TO-DATE
> Task :app:preDebugBuild UP-TO-DATE
> Task :app:generateDebugBuildConfig UP-TO-DATE
> Task :app:checkDebugAarMetadata UP-TO-DATE
> Task :app:generateDebugResValues UP-TO-DATE
> Task :app:mapDebugSourceSetPaths UP-TO-DATE
> Task :app:generateDebugResources UP-TO-DATE
> Task :app:mergeDebugResources UP-TO-DATE
> Task :app:packageDebugResources UP-TO-DATE
> Task :app:parseDebugLocalResources UP-TO-DATE
> Task :app:createDebugCompatibleScreenManifests UP-TO-DATE
> Task :app:extractDeepLinksDebug UP-TO-DATE
> Task :app:processDebugMainManifest UP-TO-DATE
> Task :app:processDebugManifest UP-TO-DATE
> Task :app:processDebugManifestForPackage UP-TO-DATE
> Task :app:processDebugResources UP-TO-DATE
> Task :app:kspDebugKotlin

> Task :app:compileDebugKotlin FAILED
e: file:///D:/lens/StreamBox/app/src/main/java/com/streambox/app/runtime/JSApis.kt:223:54 One type argument expected. Use 'Function<*>' if you don't want to pass type arguments
e: file:///D:/lens/StreamBox/app/src/main/java/com/streambox/app/runtime/JSApis.kt:226:30 Unresolved reference: call
e: file:///D:/lens/StreamBox/app/src/main/java/com/streambox/app/runtime/JSApis.kt:234:54 One type argument expected. Use 'Function<*>' if you don't want to pass type arguments
e: file:///D:/lens/StreamBox/app/src/main/java/com/streambox/app/runtime/JSApis.kt:237:30 Unresolved reference: call
e: file:///D:/lens/StreamBox/app/src/main/java/com/streambox/app/runtime/JSApis.kt:246:73 Expected 2 parameters of types Node!, Int
e: file:///D:/lens/StreamBox/app/src/main/java/com/streambox/app/runtime/JSApis.kt:246:73 Type mismatch: inferred type is () -> NodeFilter.FilterResult! but ((Node!, Int) -> NodeFilter.FilterResult!)! was expected
e: file:///D:/lens/StreamBox/app/src/main/java/com/streambox/app/runtime/JSApis.kt:246:75 Unresolved reference: it
e: file:///D:/lens/StreamBox/app/src/main/java/com/streambox/app/ui/components/ContentSlider.kt:187:41 Unresolved reference: background

FAILURE: Build failed with an exception.

* What went wrong:
Execution failed for task ':app:compileDebugKotlin'.
> A failure occurred while executing org.jetbrains.kotlin.compilerRunner.GradleCompilerRunnerWithWorkers$GradleKotlinCompilerWorkAction
   > Compilation error. See log for more details

* Try:
> Run with --stacktrace option to get the stack trace.
> Run with --info or --debug option to get more log output.
> Run with --scan to get full insights.
> Get more help at https://help.gradle.org.

BUILD FAILED in 5s
16 actionable tasks: 3 executed, 13 up-to-date
